;;________________________________________________________
;;
;;;
;;; Copyright © 2004 by Kenneth William Tilton.
;;;
;;; Permission is hereby granted, free of charge, to any person obtaining a copy 
;;; of this software and associated documentation files (the "Software"), to deal 
;;; in the Software without restriction, including without limitation the rights 
;;; to use, copy, modify, merge, publish, distribute, sublicense, and/or sell 
;;; copies of the Software, and to permit persons to whom the Software is furnished 
;;; to do so, subject to the following conditions:
;;;
;;; The above copyright notice and this permission notice shall be included in 
;;; all copies or substantial portions of the Software.
;;;
;;; THE SOFTWARE IS PROVIDED "AS IS", WITHOUT WARRANTY OF ANY KIND, EXPRESS OR 
;;; IMPLIED, INCLUDING BUT NOT LIMITED TO THE WARRANTIES OF MERCHANTABILITY, 
;;; FITNESS FOR A PARTICULAR PURPOSE AND NONINFRINGEMENT. IN NO EVENT SHALL THE 
;;; AUTHORS OR COPYRIGHT HOLDERS BE LIABLE FOR ANY CLAIM, DAMAGES OR OTHER 
;;; LIABILITY, WHETHER IN AN ACTION OF CONTRACT, TORT OR OTHERWISE, ARISING 
;;; FROM, OUT OF OR IN CONNECTION WITH THE SOFTWARE OR THE USE OR OTHER DEALINGS 
;;; IN THE SOFTWARE.

;;; $Id: kt-opengl.lisp,v 1.10 2006/10/02 03:55:23 ktilton Exp $

(pushnew :kt-opengl *features*)


(in-package :kt-opengl)

(defvar *selecting*)

(defparameter *opengl-dll* nil)

(defun kt-opengl-init ()
  (unless *opengl-dll*
    (progn
       (let ((opengl-loaded-p
               (use-foreign-library OpenGL))
	     (glu-loaded-p
              #+cffi-features:darwin
               t ;; on Mac OS X, no explicit loading of GLU needed. 
               #-cffi-features:darwin 
               (use-foreign-library GLU)))
	(assert (and opengl-loaded-p glu-loaded-p))
	(setf *opengl-dll* t)))))

(defun kt-opengl-reset ()
  (loop for ec = (glgeterror)
        for n below 10
        when (zerop ec) do (cells::trc "kt-opengl-reset sees zero error code")
        (loop-finish)
        do (cells::trc "kt-opengl-init sees error" ec)))

(eval-when (:load-toplevel :execute)
  (kt-opengl-init))


